<?xml version="1.0" encoding="UTF-8"?>
<!-- Generated by org.testng.reporters.JUnitReportReporter -->
<testsuite hostname="DESKTOP-M4STU02" failures="0" tests="1" name="testCases.IpCheck" time="17.749" errors="0" timestamp="2023-05-08T12:41:59 IST" skipped="0">
  <testcase classname="testCases.IpCheck" name="checkIp" time="17.749"/>
  <system-out/>
</testsuite> <!-- testCases.IpCheck -->
